<?xml version="1.0" encoding="UTF-8"?>
<testsuite xmlns:xsi="http://www.w3.org/2001/XMLSchema-instance" xsi:noNamespaceSchemaLocation="https://maven.apache.org/surefire/maven-surefire-plugin/xsd/surefire-test-report-3.0.xsd" version="3.0" name="deltacapita.sharib.PriceCalculatorTest" time="0.411" tests="11" errors="0" skipped="0" failures="0">
  <properties>
[...]
</properties>
  <testcase name="priceTestForAppleAppleBananaMelonMelonMelonLimeLime" classname="deltacapita.sharib.PriceCalculatorTest" time="0.182"/>
  <testcase name="priceTestForAppleAppleBananaMelonMelonMelonLimeLimeLimeLime" classname="deltacapita.sharib.PriceCalculatorTest" time="0"/>
  <testcase name="priceTestForEmptyBasket" classname="deltacapita.sharib.PriceCalculatorTest" time="0.004">
    <system-out><![CDATA[Invaid arguments: []
]]></system-out>
  </testcase>
  <testcase name="priceTestForAppleAppleBananaMelonMelon" classname="deltacapita.sharib.PriceCalculatorTest" time="0"/>
  <testcase name="priceTestForAppleAppleBananaMelon" classname="deltacapita.sharib.PriceCalculatorTest" time="0"/>
  <testcase name="priceTestForAppleAppleBananaMelonMelonMelon" classname="deltacapita.sharib.PriceCalculatorTest" time="0"/>
  <testcase name="priceTestForAppleAppleBananaMelonMelonMelonLimeLimeLime" classname="deltacapita.sharib.PriceCalculatorTest" time="0"/>
  <testcase name="priceTestForAppleAppleBananaMelonMelonMelonLime" classname="deltacapita.sharib.PriceCalculatorTest" time="0"/>
  <testcase name="priceTestForApple" classname="deltacapita.sharib.PriceCalculatorTest" time="0"/>
  <testcase name="priceTestForAppleAppleBanana" classname="deltacapita.sharib.PriceCalculatorTest" time="0"/>
  <testcase name="priceTestForNullBasket" classname="deltacapita.sharib.PriceCalculatorTest" time="0.001">
    <system-out><![CDATA[Invaid arguments: null
]]></system-out>
  </testcase>
</testsuite>